#
# A fatal error has been detected by the Java Runtime Environment:
#
#  SIGSEGV (0xb) at pc=0x00007f93df847927, pid=28654, tid=140273100936960
#
# JRE version: OpenJDK Runtime Environment (8.0_20-b23) (build 1.8.0_20-b23)
# Java VM: OpenJDK 64-Bit Server VM (25.20-b22 mixed mode linux-amd64 compressed oops)
# Problematic frame:
# C  [libc.so.6+0x91927]  __memcpy_sse2_unaligned+0xf7
#
# Failed to write core dump. Core dumps have been disabled. To enable core dumping, try "ulimit -c unlimited" before starting Java again
#
# If you would like to submit a bug report, please visit:
#   http://bugreport.sun.com/bugreport/crash.jsp
# The crash happened outside the Java Virtual Machine in native code.
# See problematic frame for where to report the bug.
#

---------------  T H R E A D  ---------------

Current thread (0x00007f93d8008800):  JavaThread "main" [_thread_in_native, id=28657, stack(0x00007f93e04a5000,0x00007f93e05a6000)]

siginfo: si_signo: 11 (SIGSEGV), si_code: 2 (SEGV_ACCERR), si_addr: 0x00007f93c004e000

Registers:
RAX=0xffffffffe78a2a90, RBX=0x00007f93d87aac10, RCX=0x00007f93d87ab580, RDX=0x00007f93d87aeb00
RSP=0x00007f93e05a16a8, RBP=0x00007f93e05a1720, RSI=0x00007f93c004d6a0, RDI=0x00007f93d87aac32
R8 =0xffffffffe78a2a80, R9 =0xffffffffe78a2a70, R10=0xffffffffe78a2a60, R11=0x000000000000003f
R12=0x00007f93d829b000, R13=0x0000000000003f00, R14=0x0000000000000007, R15=0x00007f93d87aa230
RIP=0x00007f93df847927, EFLAGS=0x0000000000010202, CSGSFS=0x0000000000000033, ERR=0x0000000000000004
  TRAPNO=0x000000000000000e

Top of Stack: (sp=0x00007f93e05a16a8)
0x00007f93e05a16a8:   00007f93ddb05091 00007f93e05a1fc0
0x00007f93e05a16b8:   00007f93c004d65d 0000000000000000
0x00007f93e05a16c8:   000000007f81a400 00000000c6000003
0x00007f93e05a16d8:   00007f93c004d692 0000000000000000
0x00007f93e05a16e8:   0000000000000000 00007f93e05a1790
0x00007f93e05a16f8:   00007f93d829b490 00007f93d84a2ee0
0x00007f93e05a1708:   00007f93e05a1790 00007f93d829b000
0x00007f93e05a1718:   00000000e94a4c68 00007f93e05a1770
0x00007f93e05a1728:   00007f93ddb05c6c 00007f93e05a1790
0x00007f93e05a1738:   0000003f5aaaf200 00007f93e05a18d0
0x00007f93e05a1748:   00007f93e05a1790 00007f93e05a1be8
0x00007f93e05a1758:   00007f93e05a1790 000000000000003f
0x00007f93e05a1768:   00007f93d80089d8 00007f93e05a1bd0
0x00007f93e05a1778:   00007f93ddb03929 00000001d80089d8
0x00007f93e05a1788:   00007f93d829b000 79746e6f662f6c6e
0x00007f93e05a1798:   6c2f61666f732f73 616d6f642f6f6d69
0x00007f93e05a17a8:   6f706d6f632f6e69 6576652f746e656e
0x00007f93e05a17b8:   75636578452f746e 746174536e6f6974
0x00007f93e05a17c8:   007373616c632e65 0000000000000300
0x00007f93e05a17d8:   00007f93c92cc074 00007f93dc0f73a8
0x00007f93e05a17e8:   00007f93d8008800 0000000000000000
0x00007f93e05a17f8:   0000000000000000 0000000000000000
0x00007f93e05a1808:   00007f93e0423021 00007f93dc0f73a8
0x00007f93e05a1818:   00007f93d8008800 00000000e05a26c0
0x00007f93e05a1828:   00000000da464650 00000000db1885d0
0x00007f93e05a1838:   0001819800000000 0000000000000000
0x00007f93e05a1848:   00007f9300000000 00007f9300000000
0x00007f93e05a1858:   00007f9300000000 00007f9300000000
0x00007f93e05a1868:   00007f9300010147 0000000000000000
0x00007f93e05a1878:   00007f93e05a1828 00007f93e05a1869
0x00007f93e05a1888:   0000000800000002 00007f93df302a00
0x00007f93e05a1898:   8f77a3e35aaaf200 00000000db1dcb58 

Instructions: (pc=0x00007f93df847927)
0x00007f93df847907:   10 4d 8d 42 20 49 8d 42 30 f3 46 0f 6f 04 11 66
0x00007f93df847917:   44 0f 7f 01 f3 46 0f 6f 04 09 66 44 0f 7f 41 10
0x00007f93df847927:   f3 46 0f 6f 04 01 66 44 0f 7f 41 20 f3 44 0f 6f
0x00007f93df847937:   04 01 66 44 0f 7f 41 30 48 83 c1 40 48 39 ca 75 

Register to memory mapping:

RAX=0xffffffffe78a2a90 is an unknown value
RBX=0x00007f93d87aac10 is an unknown value
RCX=0x00007f93d87ab580 is an unknown value
RDX=0x00007f93d87aeb00 is an unknown value
RSP=0x00007f93e05a16a8 is pointing into the stack for thread: 0x00007f93d8008800
RBP=0x00007f93e05a1720 is pointing into the stack for thread: 0x00007f93d8008800
RSI=0x00007f93c004d6a0 is an unknown value
RDI=0x00007f93d87aac32 is an unknown value
R8 =0xffffffffe78a2a80 is an unknown value
R9 =0xffffffffe78a2a70 is an unknown value
R10=0xffffffffe78a2a60 is an unknown value
R11=0x000000000000003f is an unknown value
R12=0x00007f93d829b000 is an unknown value
R13=0x0000000000003f00 is an unknown value
R14=0x0000000000000007 is an unknown value
R15=0x00007f93d87aa230 is an unknown value


Stack: [0x00007f93e04a5000,0x00007f93e05a6000],  sp=0x00007f93e05a16a8,  free space=1009k
Native frames: (J=compiled Java code, j=interpreted, Vv=VM code, C=native code)
C  [libc.so.6+0x91927]  __memcpy_sse2_unaligned+0xf7
C  [libzip.so+0x5c6c]  ZIP_GetEntry+0xcc
C  [libzip.so+0x3929]  Java_java_util_zip_ZipFile_getEntry+0x99
J 10  java.util.zip.ZipFile.getEntry(J[BZ)J (0 bytes) @ 0x00007f93c9112e8e [0x00007f93c9112dc0+0xce]
J 63 C1 java.util.zip.ZipFile.getEntry(Ljava/lang/String;)Ljava/util/zip/ZipEntry; (86 bytes) @ 0x00007f93c911f3cc [0x00007f93c911f160+0x26c]
J 860 C1 java.util.jar.JarFile.getEntry(Ljava/lang/String;)Ljava/util/zip/ZipEntry; (22 bytes) @ 0x00007f93c93909ac [0x00007f93c9390940+0x6c]
J 862 C1 sun.misc.URLClassPath$JarLoader.getResource(Ljava/lang/String;Z)Lsun/misc/Resource; (85 bytes) @ 0x00007f93c9391f64 [0x00007f93c9391e20+0x144]
J 625 C1 sun.misc.URLClassPath.getResource(Ljava/lang/String;Z)Lsun/misc/Resource; (74 bytes) @ 0x00007f93c92c04dc [0x00007f93c92c03a0+0x13c]
J 706 C1 java.net.URLClassLoader$1.run()Ljava/lang/Class; (73 bytes) @ 0x00007f93c931c69c [0x00007f93c931c4a0+0x1fc]
J 705 C1 java.net.URLClassLoader$1.run()Ljava/lang/Object; (5 bytes) @ 0x00007f93c931c13c [0x00007f93c931c0c0+0x7c]
v  ~StubRoutines::call_stub
V  [libjvm.so+0x65da63]
V  [libjvm.so+0x6aa21a]  JVM_DoPrivileged+0x52a
J 704  java.security.AccessController.doPrivileged(Ljava/security/PrivilegedExceptionAction;Ljava/security/AccessControlContext;)Ljava/lang/Object; (0 bytes) @ 0x00007f93c93193d5 [0x00007f93c9319300+0xd5]
J 702 C1 java.net.URLClassLoader.findClass(Ljava/lang/String;)Ljava/lang/Class; (29 bytes) @ 0x00007f93c931b5e4 [0x00007f93c931b460+0x184]
J 647 C1 java.lang.ClassLoader.loadClass(Ljava/lang/String;Z)Ljava/lang/Class; (122 bytes) @ 0x00007f93c92e4dcc [0x00007f93c92e4480+0x94c]
J 498 C1 sun.misc.Launcher$AppClassLoader.loadClass(Ljava/lang/String;Z)Ljava/lang/Class; (40 bytes) @ 0x00007f93c9251c6c [0x00007f93c9251840+0x42c]
J 497 C1 java.lang.ClassLoader.loadClass(Ljava/lang/String;)Ljava/lang/Class; (7 bytes) @ 0x00007f93c9252284 [0x00007f93c9252180+0x104]
v  ~StubRoutines::call_stub
V  [libjvm.so+0x65da63]
V  [libjvm.so+0x65b244]
V  [libjvm.so+0x65b865]
V  [libjvm.so+0x9c6d08]
V  [libjvm.so+0x9c5951]
V  [libjvm.so+0x9c769a]
V  [libjvm.so+0x6a7490]
V  [libjvm.so+0x6a766f]  JVM_FindClassFromClassLoader+0x17f
C  [libjava.so+0xedbc]  Java_java_lang_Class_forName0+0x10c
j  java.lang.Class.forName0(Ljava/lang/String;ZLjava/lang/ClassLoader;)Ljava/lang/Class;+0
j  java.lang.Class.forName(Ljava/lang/String;ZLjava/lang/ClassLoader;)Ljava/lang/Class;+41
j  sun.reflect.generics.factory.CoreReflectionFactory.makeNamedType(Ljava/lang/String;)Ljava/lang/reflect/Type;+6
j  sun.reflect.generics.visitor.Reifier.visitClassTypeSignature(Lsun/reflect/generics/tree/ClassTypeSignature;)V+173
j  sun.reflect.generics.tree.ClassTypeSignature.accept(Lsun/reflect/generics/visitor/TypeTreeVisitor;)V+2
j  sun.reflect.generics.visitor.Reifier.reifyTypeArguments([Lsun/reflect/generics/tree/TypeArgument;)[Ljava/lang/reflect/Type;+18
j  sun.reflect.generics.visitor.Reifier.visitClassTypeSignature(Lsun/reflect/generics/tree/ClassTypeSignature;)V+250
j  sun.reflect.generics.tree.ClassTypeSignature.accept(Lsun/reflect/generics/visitor/TypeTreeVisitor;)V+2
j  sun.reflect.generics.repository.ClassRepository.getSuperInterfaces()[Ljava/lang/reflect/Type;+43
j  java.lang.Class.getGenericInterfaces()[Ljava/lang/reflect/Type;+17
j  com.orientechnologies.common.reflection.OReflectionHelper.getGenericTypes(Ljava/lang/Class;)[Ljava/lang/reflect/Type;+5
j  com.orientechnologies.orient.object.serialization.OObjectSerializerContext.bind(Lcom/orientechnologies/orient/core/serialization/serializer/object/OObjectSerializer;)V+8
j  nl.fontys.sofa.limo.orientdb.OrientDBConnector.createSchema()V+42
j  nl.fontys.sofa.limo.orientdb.OrientDBConnector.checkConnection()V+74
j  nl.fontys.sofa.limo.orientdb.OrientDBConnector.getConnection()Lcom/orientechnologies/orient/object/db/OObjectDatabaseTx;+5
j  nl.fontys.sofa.limo.orientdb.OrientDBConnector.connection()Lcom/orientechnologies/orient/object/db/OObjectDatabaseTx;+7
j  nl.fontys.sofa.limo.orientdb.dao.OrientDBAbstractDAO.findAll()Ljava/util/List;+12
j  nl.fontys.sofa.limo.orientdb.dao.OrientDBEventDAOTest.testFindAll()V+8
v  ~StubRoutines::call_stub
V  [libjvm.so+0x65da63]
V  [libjvm.so+0x923df3]
V  [libjvm.so+0x925e49]
V  [libjvm.so+0x6a7f79]  JVM_InvokeMethod+0x1a9
j  sun.reflect.NativeMethodAccessorImpl.invoke0(Ljava/lang/reflect/Method;Ljava/lang/Object;[Ljava/lang/Object;)Ljava/lang/Object;+0
j  sun.reflect.NativeMethodAccessorImpl.invoke(Ljava/lang/Object;[Ljava/lang/Object;)Ljava/lang/Object;+100
j  sun.reflect.DelegatingMethodAccessorImpl.invoke(Ljava/lang/Object;[Ljava/lang/Object;)Ljava/lang/Object;+6
j  java.lang.reflect.Method.invoke(Ljava/lang/Object;[Ljava/lang/Object;)Ljava/lang/Object;+56
j  junit.framework.TestCase.runTest()V+139
j  org.netbeans.junit.NbTestCase.access$200(Lorg/netbeans/junit/NbTestCase;)V+5
j  org.netbeans.junit.NbTestCase$2.doSomething()V+16
j  org.netbeans.junit.NbTestCase$1Guard.run()V+5
j  org.netbeans.junit.NbTestCase.runBare()V+93
j  junit.framework.TestResult$1.protect()V+8
j  junit.framework.TestResult.runProtected(Ljunit/framework/Test;Ljunit/framework/Protectable;)V+5
j  junit.framework.TestResult.run(Ljunit/framework/TestCase;)V+22
j  junit.framework.TestCase.run(Ljunit/framework/TestResult;)V+6
j  org.netbeans.junit.NbTestCase.run(Ljunit/framework/TestResult;)V+96
j  junit.framework.TestSuite.runTest(Ljunit/framework/Test;Ljunit/framework/TestResult;)V+6
j  junit.framework.TestSuite.run(Ljunit/framework/TestResult;)V+64
j  org.junit.internal.runners.JUnit38ClassRunner.run(Lorg/junit/runner/notification/RunNotifier;)V+26
j  org.apache.maven.surefire.junit4.JUnit4Provider.execute(Ljava/lang/Class;Lorg/junit/runner/notification/RunNotifier;[Ljava/lang/String;)V+162
j  org.apache.maven.surefire.junit4.JUnit4Provider.executeTestSet(Ljava/lang/Class;Lorg/apache/maven/surefire/report/RunListener;Lorg/junit/runner/notification/RunNotifier;)V+87
j  org.apache.maven.surefire.junit4.JUnit4Provider.invoke(Ljava/lang/Object;)Lorg/apache/maven/surefire/suite/RunResult;+189
j  org.apache.maven.surefire.booter.ForkedBooter.invokeProviderInSameClassLoader(Ljava/lang/Object;Ljava/lang/Object;Lorg/apache/maven/surefire/booter/ProviderConfiguration;ZLorg/apache/maven/surefire/booter/StartupConfiguration;Z)Lorg/apache/maven/surefire/suite/RunResult;+34
j  org.apache.maven.surefire.booter.ForkedBooter.runSuitesInProcess(Ljava/lang/Object;Lorg/apache/maven/surefire/booter/StartupConfiguration;Lorg/apache/maven/surefire/booter/ProviderConfiguration;Ljava/io/PrintStream;)Lorg/apache/maven/surefire/suite/RunResult;+19
j  org.apache.maven.surefire.booter.ForkedBooter.main([Ljava/lang/String;)V+240
v  ~StubRoutines::call_stub
V  [libjvm.so+0x65da63]
V  [libjvm.so+0x66e07b]
V  [libjvm.so+0x6806a0]
C  [libjli.so+0x3588]
C  [libpthread.so.0+0x7124]  start_thread+0xc4

Java frames: (J=compiled Java code, j=interpreted, Vv=VM code)
J 10  java.util.zip.ZipFile.getEntry(J[BZ)J (0 bytes) @ 0x00007f93c9112e18 [0x00007f93c9112dc0+0x58]
J 63 C1 java.util.zip.ZipFile.getEntry(Ljava/lang/String;)Ljava/util/zip/ZipEntry; (86 bytes) @ 0x00007f93c911f3cc [0x00007f93c911f160+0x26c]
J 860 C1 java.util.jar.JarFile.getEntry(Ljava/lang/String;)Ljava/util/zip/ZipEntry; (22 bytes) @ 0x00007f93c93909ac [0x00007f93c9390940+0x6c]
J 862 C1 sun.misc.URLClassPath$JarLoader.getResource(Ljava/lang/String;Z)Lsun/misc/Resource; (85 bytes) @ 0x00007f93c9391f64 [0x00007f93c9391e20+0x144]
J 625 C1 sun.misc.URLClassPath.getResource(Ljava/lang/String;Z)Lsun/misc/Resource; (74 bytes) @ 0x00007f93c92c04dc [0x00007f93c92c03a0+0x13c]
J 706 C1 java.net.URLClassLoader$1.run()Ljava/lang/Class; (73 bytes) @ 0x00007f93c931c69c [0x00007f93c931c4a0+0x1fc]
J 705 C1 java.net.URLClassLoader$1.run()Ljava/lang/Object; (5 bytes) @ 0x00007f93c931c13c [0x00007f93c931c0c0+0x7c]
v  ~StubRoutines::call_stub
J 704  java.security.AccessController.doPrivileged(Ljava/security/PrivilegedExceptionAction;Ljava/security/AccessControlContext;)Ljava/lang/Object; (0 bytes) @ 0x00007f93c9319363 [0x00007f93c9319300+0x63]
J 702 C1 java.net.URLClassLoader.findClass(Ljava/lang/String;)Ljava/lang/Class; (29 bytes) @ 0x00007f93c931b5e4 [0x00007f93c931b460+0x184]
J 647 C1 java.lang.ClassLoader.loadClass(Ljava/lang/String;Z)Ljava/lang/Class; (122 bytes) @ 0x00007f93c92e4dcc [0x00007f93c92e4480+0x94c]
J 498 C1 sun.misc.Launcher$AppClassLoader.loadClass(Ljava/lang/String;Z)Ljava/lang/Class; (40 bytes) @ 0x00007f93c9251c6c [0x00007f93c9251840+0x42c]
J 497 C1 java.lang.ClassLoader.loadClass(Ljava/lang/String;)Ljava/lang/Class; (7 bytes) @ 0x00007f93c9252284 [0x00007f93c9252180+0x104]
v  ~StubRoutines::call_stub
j  java.lang.Class.forName0(Ljava/lang/String;ZLjava/lang/ClassLoader;)Ljava/lang/Class;+0
j  java.lang.Class.forName(Ljava/lang/String;ZLjava/lang/ClassLoader;)Ljava/lang/Class;+41
j  sun.reflect.generics.factory.CoreReflectionFactory.makeNamedType(Ljava/lang/String;)Ljava/lang/reflect/Type;+6
j  sun.reflect.generics.visitor.Reifier.visitClassTypeSignature(Lsun/reflect/generics/tree/ClassTypeSignature;)V+173
j  sun.reflect.generics.tree.ClassTypeSignature.accept(Lsun/reflect/generics/visitor/TypeTreeVisitor;)V+2
j  sun.reflect.generics.visitor.Reifier.reifyTypeArguments([Lsun/reflect/generics/tree/TypeArgument;)[Ljava/lang/reflect/Type;+18
j  sun.reflect.generics.visitor.Reifier.visitClassTypeSignature(Lsun/reflect/generics/tree/ClassTypeSignature;)V+250
j  sun.reflect.generics.tree.ClassTypeSignature.accept(Lsun/reflect/generics/visitor/TypeTreeVisitor;)V+2
j  sun.reflect.generics.repository.ClassRepository.getSuperInterfaces()[Ljava/lang/reflect/Type;+43
j  java.lang.Class.getGenericInterfaces()[Ljava/lang/reflect/Type;+17
j  com.orientechnologies.common.reflection.OReflectionHelper.getGenericTypes(Ljava/lang/Class;)[Ljava/lang/reflect/Type;+5
j  com.orientechnologies.orient.object.serialization.OObjectSerializerContext.bind(Lcom/orientechnologies/orient/core/serialization/serializer/object/OObjectSerializer;)V+8
j  nl.fontys.sofa.limo.orientdb.OrientDBConnector.createSchema()V+42
j  nl.fontys.sofa.limo.orientdb.OrientDBConnector.checkConnection()V+74
j  nl.fontys.sofa.limo.orientdb.OrientDBConnector.getConnection()Lcom/orientechnologies/orient/object/db/OObjectDatabaseTx;+5
j  nl.fontys.sofa.limo.orientdb.OrientDBConnector.connection()Lcom/orientechnologies/orient/object/db/OObjectDatabaseTx;+7
j  nl.fontys.sofa.limo.orientdb.dao.OrientDBAbstractDAO.findAll()Ljava/util/List;+12
j  nl.fontys.sofa.limo.orientdb.dao.OrientDBEventDAOTest.testFindAll()V+8
v  ~StubRoutines::call_stub
j  sun.reflect.NativeMethodAccessorImpl.invoke0(Ljava/lang/reflect/Method;Ljava/lang/Object;[Ljava/lang/Object;)Ljava/lang/Object;+0
j  sun.reflect.NativeMethodAccessorImpl.invoke(Ljava/lang/Object;[Ljava/lang/Object;)Ljava/lang/Object;+100
j  sun.reflect.DelegatingMethodAccessorImpl.invoke(Ljava/lang/Object;[Ljava/lang/Object;)Ljava/lang/Object;+6
j  java.lang.reflect.Method.invoke(Ljava/lang/Object;[Ljava/lang/Object;)Ljava/lang/Object;+56
j  junit.framework.TestCase.runTest()V+139
j  org.netbeans.junit.NbTestCase.access$200(Lorg/netbeans/junit/NbTestCase;)V+5
j  org.netbeans.junit.NbTestCase$2.doSomething()V+16
j  org.netbeans.junit.NbTestCase$1Guard.run()V+5
j  org.netbeans.junit.NbTestCase.runBare()V+93
j  junit.framework.TestResult$1.protect()V+8
j  junit.framework.TestResult.runProtected(Ljunit/framework/Test;Ljunit/framework/Protectable;)V+5
j  junit.framework.TestResult.run(Ljunit/framework/TestCase;)V+22
j  junit.framework.TestCase.run(Ljunit/framework/TestResult;)V+6
j  org.netbeans.junit.NbTestCase.run(Ljunit/framework/TestResult;)V+96
j  junit.framework.TestSuite.runTest(Ljunit/framework/Test;Ljunit/framework/TestResult;)V+6
j  junit.framework.TestSuite.run(Ljunit/framework/TestResult;)V+64
j  org.junit.internal.runners.JUnit38ClassRunner.run(Lorg/junit/runner/notification/RunNotifier;)V+26
j  org.apache.maven.surefire.junit4.JUnit4Provider.execute(Ljava/lang/Class;Lorg/junit/runner/notification/RunNotifier;[Ljava/lang/String;)V+162
j  org.apache.maven.surefire.junit4.JUnit4Provider.executeTestSet(Ljava/lang/Class;Lorg/apache/maven/surefire/report/RunListener;Lorg/junit/runner/notification/RunNotifier;)V+87
j  org.apache.maven.surefire.junit4.JUnit4Provider.invoke(Ljava/lang/Object;)Lorg/apache/maven/surefire/suite/RunResult;+189
j  org.apache.maven.surefire.booter.ForkedBooter.invokeProviderInSameClassLoader(Ljava/lang/Object;Ljava/lang/Object;Lorg/apache/maven/surefire/booter/ProviderConfiguration;ZLorg/apache/maven/surefire/booter/StartupConfiguration;Z)Lorg/apache/maven/surefire/suite/RunResult;+34
j  org.apache.maven.surefire.booter.ForkedBooter.runSuitesInProcess(Ljava/lang/Object;Lorg/apache/maven/surefire/booter/StartupConfiguration;Lorg/apache/maven/surefire/booter/ProviderConfiguration;Ljava/io/PrintStream;)Lorg/apache/maven/surefire/suite/RunResult;+19
j  org.apache.maven.surefire.booter.ForkedBooter.main([Ljava/lang/String;)V+240
v  ~StubRoutines::call_stub

---------------  P R O C E S S  ---------------

Java Threads: ( => current thread )
  0x00007f93d86b4000 JavaThread "OrientDB MemoryWatchDog" daemon [_thread_blocked, id=28746, stack(0x00007f93ba832000,0x00007f93ba933000)]
  0x00007f93d86ad000 JavaThread "Timer-0" daemon [_thread_blocked, id=28745, stack(0x00007f93ba933000,0x00007f93baa34000)]
  0x00007f93d8405800 JavaThread "Service Thread" daemon [_thread_blocked, id=28691, stack(0x00007f93bb348000,0x00007f93bb449000)]
  0x00007f93d8384800 JavaThread "C1 CompilerThread2" daemon [_thread_blocked, id=28690, stack(0x00007f93bb449000,0x00007f93bb54a000)]
  0x00007f93d83ed800 JavaThread "C2 CompilerThread1" daemon [_thread_in_native, id=28689, stack(0x00007f93bb54a000,0x00007f93bb64b000)]
  0x00007f93d83ef000 JavaThread "C2 CompilerThread0" daemon [_thread_in_native, id=28688, stack(0x00007f93bb64b000,0x00007f93bb74c000)]
  0x00007f93d8171800 JavaThread "Signal Dispatcher" daemon [_thread_blocked, id=28672, stack(0x00007f93bbb74000,0x00007f93bbc75000)]
  0x00007f93d8142000 JavaThread "Finalizer" daemon [_thread_blocked, id=28666, stack(0x00007f93bbdfe000,0x00007f93bbeff000)]
  0x00007f93d8140000 JavaThread "Reference Handler" daemon [_thread_blocked, id=28665, stack(0x00007f93bbeff000,0x00007f93bc000000)]
=>0x00007f93d8008800 JavaThread "main" [_thread_in_native, id=28657, stack(0x00007f93e04a5000,0x00007f93e05a6000)]

Other Threads:
  0x00007f93d8139000 VMThread [stack: 0x00007f93c004e000,0x00007f93c014f000] [id=28664]
  0x00007f93d8407800 WatcherThread [stack: 0x00007f93bb247000,0x00007f93bb348000] [id=28692]

VM state:not at safepoint (normal execution)

VM Mutex/Monitor currently owned by a thread: None

Heap:
 PSYoungGen      total 68608K, used 61600K [0x00000000d6e00000, 0x00000000db800000, 0x0000000100000000)
  eden space 62976K, 89% used [0x00000000d6e00000,0x00000000da554100,0x00000000dab80000)
  from space 5632K, 87% used [0x00000000db180000,0x00000000db654140,0x00000000db700000)
  to   space 6144K, 0% used [0x00000000dab80000,0x00000000dab80000,0x00000000db180000)
 ParOldGen       total 84992K, used 40K [0x0000000084a00000, 0x0000000089d00000, 0x00000000d6e00000)
  object space 84992K, 0% used [0x0000000084a00000,0x0000000084a0a000,0x0000000089d00000)
 Metaspace       used 19052K, capacity 19320K, committed 19712K, reserved 1067008K
  class space    used 2113K, capacity 2231K, committed 2304K, reserved 1048576K

Card table byte_map: [0x00007f93dd364000,0x00007f93dd740000] byte_map_base: 0x00007f93dcf3f000

Marking Bits: (ParMarkBitMap*) 0x00007f93df789840
 Begin Bits: [0x00007f93c0250000, 0x00007f93c2128000)
 End Bits:   [0x00007f93c2128000, 0x00007f93c4000000)

Polling page: 0x00007f93e05c7000

CodeCache: size=245760Kb used=7670Kb max_used=7670Kb free=238089Kb
 bounds [0x00007f93c9000000, 0x00007f93c9780000, 0x00007f93d8000000]
 total_blobs=2549 nmethods=2120 adapters=341
 compilation: enabled

Compilation events (10 events):
Event: 11.071 Thread 0x00007f93d8384800 2191       2       com.orientechnologies.orient.core.cache.OAbstractMapCache::$jacocoInit (52 bytes)
Event: 11.072 Thread 0x00007f93d8384800 nmethod 2191 0x00007f93c9779990 code [0x00007f93c9779b20, 0x00007f93c9779f78]
Event: 11.079 Thread 0x00007f93d8384800 2192       2       java.util.HashSet::<init> (16 bytes)
Event: 11.080 Thread 0x00007f93d8384800 nmethod 2192 0x00007f93c977a190 code [0x00007f93c977a300, 0x00007f93c977a4d0]
Event: 11.080 Thread 0x00007f93d8384800 2194       2       com.orientechnologies.common.concur.resource.OSharedResourceAdaptiveExternal::acquireSharedLock (13 bytes)
Event: 11.080 Thread 0x00007f93d8384800 nmethod 2194 0x00007f93c977a550 code [0x00007f93c977a6c0, 0x00007f93c977a878]
Event: 11.080 Thread 0x00007f93d8384800 2195       2       com.orientechnologies.common.concur.resource.OSharedResourceAdaptiveExternal::releaseSharedLock (14 bytes)
Event: 11.080 Thread 0x00007f93d8384800 nmethod 2195 0x00007f93c977a990 code [0x00007f93c977ab00, 0x00007f93c977acb8]
Event: 11.080 Thread 0x00007f93d8384800 2193       2       com.orientechnologies.orient.core.storage.OStorageOperationResult::$jacocoInit (52 bytes)
Event: 11.080 Thread 0x00007f93d8384800 nmethod 2193 0x00007f93c977add0 code [0x00007f93c977af60, 0x00007f93c977b3b8]

GC Heap History (10 events):
Event: 4.492 GC heap before
{Heap before GC invocations=2 (full 0):
 PSYoungGen      total 36864K, used 34815K [0x00000000d6e00000, 0x00000000d9700000, 0x0000000100000000)
  eden space 31744K, 100% used [0x00000000d6e00000,0x00000000d8d00000,0x00000000d8d00000)
  from space 5120K, 59% used [0x00000000d8d00000,0x00000000d8fffe70,0x00000000d9200000)
  to   space 5120K, 0% used [0x00000000d9200000,0x00000000d9200000,0x00000000d9700000)
 ParOldGen       total 84992K, used 0K [0x0000000084a00000, 0x0000000089d00000, 0x00000000d6e00000)
  object space 84992K, 0% used [0x0000000084a00000,0x0000000084a00000,0x0000000089d00000)
 Metaspace       used 9571K, capacity 9738K, committed 9856K, reserved 1058816K
  class space    used 999K, capacity 1049K, committed 1152K, reserved 1048576K
Event: 4.498 GC heap after
Heap after GC invocations=2 (full 0):
 PSYoungGen      total 36864K, used 3595K [0x00000000d6e00000, 0x00000000d9700000, 0x0000000100000000)
  eden space 31744K, 0% used [0x00000000d6e00000,0x00000000d6e00000,0x00000000d8d00000)
  from space 5120K, 70% used [0x00000000d9200000,0x00000000d9582d80,0x00000000d9700000)
  to   space 5120K, 0% used [0x00000000d8d00000,0x00000000d8d00000,0x00000000d9200000)
 ParOldGen       total 84992K, used 8K [0x0000000084a00000, 0x0000000089d00000, 0x00000000d6e00000)
  object space 84992K, 0% used [0x0000000084a00000,0x0000000084a02000,0x0000000089d00000)
 Metaspace       used 9571K, capacity 9738K, committed 9856K, reserved 1058816K
  class space    used 999K, capacity 1049K, committed 1152K, reserved 1048576K
}
Event: 5.776 GC heap before
{Heap before GC invocations=3 (full 0):
 PSYoungGen      total 36864K, used 35339K [0x00000000d6e00000, 0x00000000d9700000, 0x0000000100000000)
  eden space 31744K, 100% used [0x00000000d6e00000,0x00000000d8d00000,0x00000000d8d00000)
  from space 5120K, 70% used [0x00000000d9200000,0x00000000d9582d80,0x00000000d9700000)
  to   space 5120K, 0% used [0x00000000d8d00000,0x00000000d8d00000,0x00000000d9200000)
 ParOldGen       total 84992K, used 8K [0x0000000084a00000, 0x0000000089d00000, 0x00000000d6e00000)
  object space 84992K, 0% used [0x0000000084a00000,0x0000000084a02000,0x0000000089d00000)
 Metaspace       used 11857K, capacity 12100K, committed 12416K, reserved 1060864K
  class space    used 1265K, capacity 1366K, committed 1408K, reserved 1048576K
Event: 5.783 GC heap after
Heap after GC invocations=3 (full 0):
 PSYoungGen      total 36864K, used 3743K [0x00000000d6e00000, 0x00000000d9700000, 0x0000000100000000)
  eden space 31744K, 0% used [0x00000000d6e00000,0x00000000d6e00000,0x00000000d8d00000)
  from space 5120K, 73% used [0x00000000d8d00000,0x00000000d90a7dd8,0x00000000d9200000)
  to   space 5120K, 0% used [0x00000000d9200000,0x00000000d9200000,0x00000000d9700000)
 ParOldGen       total 84992K, used 24K [0x0000000084a00000, 0x0000000089d00000, 0x00000000d6e00000)
  object space 84992K, 0% used [0x0000000084a00000,0x0000000084a06000,0x0000000089d00000)
 Metaspace       used 11857K, capacity 12100K, committed 12416K, reserved 1060864K
  class space    used 1265K, capacity 1366K, committed 1408K, reserved 1048576K
}
Event: 7.380 GC heap before
{Heap before GC invocations=4 (full 0):
 PSYoungGen      total 36864K, used 35487K [0x00000000d6e00000, 0x00000000d9700000, 0x0000000100000000)
  eden space 31744K, 100% used [0x00000000d6e00000,0x00000000d8d00000,0x00000000d8d00000)
  from space 5120K, 73% used [0x00000000d8d00000,0x00000000d90a7dd8,0x00000000d9200000)
  to   space 5120K, 0% used [0x00000000d9200000,0x00000000d9200000,0x00000000d9700000)
 ParOldGen       total 84992K, used 24K [0x0000000084a00000, 0x0000000089d00000, 0x00000000d6e00000)
  object space 84992K, 0% used [0x0000000084a00000,0x0000000084a06000,0x0000000089d00000)
 Metaspace       used 13757K, capacity 14056K, committed 14336K, reserved 1062912K
  class space    used 1570K, capacity 1684K, committed 1792K, reserved 1048576K
Event: 7.399 GC heap after
Heap after GC invocations=4 (full 0):
 PSYoungGen      total 36864K, used 4720K [0x00000000d6e00000, 0x00000000d9700000, 0x0000000100000000)
  eden space 31744K, 0% used [0x00000000d6e00000,0x00000000d6e00000,0x00000000d8d00000)
  from space 5120K, 92% used [0x00000000d9200000,0x00000000d969c1f8,0x00000000d9700000)
  to   space 5120K, 0% used [0x00000000d8d00000,0x00000000d8d00000,0x00000000d9200000)
 ParOldGen       total 84992K, used 32K [0x0000000084a00000, 0x0000000089d00000, 0x00000000d6e00000)
  object space 84992K, 0% used [0x0000000084a00000,0x0000000084a08000,0x0000000089d00000)
 Metaspace       used 13757K, capacity 14056K, committed 14336K, reserved 1062912K
  class space    used 1570K, capacity 1684K, committed 1792K, reserved 1048576K
}
Event: 8.790 GC heap before
{Heap before GC invocations=5 (full 0):
 PSYoungGen      total 36864K, used 36464K [0x00000000d6e00000, 0x00000000d9700000, 0x0000000100000000)
  eden space 31744K, 100% used [0x00000000d6e00000,0x00000000d8d00000,0x00000000d8d00000)
  from space 5120K, 92% used [0x00000000d9200000,0x00000000d969c1f8,0x00000000d9700000)
  to   space 5120K, 0% used [0x00000000d8d00000,0x00000000d8d00000,0x00000000d9200000)
 ParOldGen       total 84992K, used 32K [0x0000000084a00000, 0x0000000089d00000, 0x00000000d6e00000)
  object space 84992K, 0% used [0x0000000084a00000,0x0000000084a08000,0x0000000089d00000)
 Metaspace       used 15470K, capacity 15768K, committed 16000K, reserved 1062912K
  class space    used 1758K, capacity 1879K, committed 1920K, reserved 1048576K
Event: 8.828 GC heap after
Heap after GC invocations=5 (full 0):
 PSYoungGen      total 36864K, used 4803K [0x00000000d6e00000, 0x00000000db700000, 0x0000000100000000)
  eden space 31744K, 0% used [0x00000000d6e00000,0x00000000d6e00000,0x00000000d8d00000)
  from space 5120K, 93% used [0x00000000d8d00000,0x00000000d91b0c88,0x00000000d9200000)
  to   space 5632K, 0% used [0x00000000db180000,0x00000000db180000,0x00000000db700000)
 ParOldGen       total 84992K, used 40K [0x0000000084a00000, 0x0000000089d00000, 0x00000000d6e00000)
  object space 84992K, 0% used [0x0000000084a00000,0x0000000084a0a000,0x0000000089d00000)
 Metaspace       used 15470K, capacity 15768K, committed 16000K, reserved 1062912K
  class space    used 1758K, capacity 1879K, committed 1920K, reserved 1048576K
}
Event: 9.656 GC heap before
{Heap before GC invocations=6 (full 0):
 PSYoungGen      total 36864K, used 36547K [0x00000000d6e00000, 0x00000000db700000, 0x0000000100000000)
  eden space 31744K, 100% used [0x00000000d6e00000,0x00000000d8d00000,0x00000000d8d00000)
  from space 5120K, 93% used [0x00000000d8d00000,0x00000000d91b0c88,0x00000000d9200000)
  to   space 5632K, 0% used [0x00000000db180000,0x00000000db180000,0x00000000db700000)
 ParOldGen       total 84992K, used 40K [0x0000000084a00000, 0x0000000089d00000, 0x00000000d6e00000)
  object space 84992K, 0% used [0x0000000084a00000,0x0000000084a0a000,0x0000000089d00000)
 Metaspace       used 16840K, capacity 17112K, committed 17408K, reserved 1064960K
  class space    used 1904K, capacity 2007K, committed 2048K, reserved 1048576K
Event: 9.696 GC heap after
Heap after GC invocations=6 (full 0):
 PSYoungGen      total 68608K, used 4944K [0x00000000d6e00000, 0x00000000db800000, 0x0000000100000000)
  eden space 62976K, 0% used [0x00000000d6e00000,0x00000000d6e00000,0x00000000dab80000)
  from space 5632K, 87% used [0x00000000db180000,0x00000000db654140,0x00000000db700000)
  to   space 6144K, 0% used [0x00000000dab80000,0x00000000dab80000,0x00000000db180000)
 ParOldGen       total 84992K, used 40K [0x0000000084a00000, 0x0000000089d00000, 0x00000000d6e00000)
  object space 84992K, 0% used [0x0000000084a00000,0x0000000084a0a000,0x0000000089d00000)
 Metaspace       used 16840K, capacity 17112K, committed 17408K, reserved 1064960K
  class space    used 1904K, capacity 2007K, committed 2048K, reserved 1048576K
}

Deoptimization events (10 events):
Event: 3.884 Thread 0x00007f93d8008800 Uncommon trap: reason=bimorphic action=maybe_recompile pc=0x00007f93c928302c method=org.jacoco.agent.rt.internal_38bf6f6.asm.tree.LabelNode.accept(Lorg/jacoco/agent/rt/internal_38bf6f6/asm/MethodVisitor;)V @ 5
Event: 3.884 Thread 0x00007f93d8008800 Uncommon trap: reason=unreached action=reinterpret pc=0x00007f93c9285108 method=org.jacoco.agent.rt.internal_38bf6f6.asm.MethodVisitor.visitMethodInsn(ILjava/lang/String;Ljava/lang/String;Ljava/lang/String;Z)V @ 50
Event: 3.884 Thread 0x00007f93d8008800 Uncommon trap: reason=bimorphic action=maybe_recompile pc=0x00007f93c928302c method=org.jacoco.agent.rt.internal_38bf6f6.asm.tree.LabelNode.accept(Lorg/jacoco/agent/rt/internal_38bf6f6/asm/MethodVisitor;)V @ 5
Event: 5.674 Thread 0x00007f93d8008800 Uncommon trap: reason=unloaded action=reinterpret pc=0x00007f93c945e764 method=org.jacoco.agent.rt.internal_38bf6f6.asm.ClassReader.readConst(I[C)Ljava/lang/Object; @ 236
Event: 6.367 Thread 0x00007f93d8008800 Uncommon trap: reason=bimorphic action=maybe_recompile pc=0x00007f93c928302c method=org.jacoco.agent.rt.internal_38bf6f6.asm.tree.LabelNode.accept(Lorg/jacoco/agent/rt/internal_38bf6f6/asm/MethodVisitor;)V @ 5
Event: 7.218 Thread 0x00007f93d8008800 Uncommon trap: reason=unloaded action=reinterpret pc=0x00007f93c957c644 method=org.jacoco.agent.rt.internal_38bf6f6.asm.commons.AnalyzerAdapter.execute(IILjava/lang/String;)V @ 1870
Event: 10.175 Thread 0x00007f93d8008800 Uncommon trap: reason=class_check action=maybe_recompile pc=0x00007f93c964eb10 method=java.util.SubList.<init>(Ljava/util/AbstractList;II)V @ 37
Event: 10.305 Thread 0x00007f93d8008800 Uncommon trap: reason=class_check action=maybe_recompile pc=0x00007f93c964eb10 method=java.util.SubList.<init>(Ljava/util/AbstractList;II)V @ 37
Event: 10.729 Thread 0x00007f93d8008800 Uncommon trap: reason=class_check action=maybe_recompile pc=0x00007f93c964eb10 method=java.util.SubList.<init>(Ljava/util/AbstractList;II)V @ 37
Event: 10.733 Thread 0x00007f93d8008800 Uncommon trap: reason=class_check action=maybe_recompile pc=0x00007f93c964eb10 method=java.util.SubList.<init>(Ljava/util/AbstractList;II)V @ 37

Internal exceptions (10 events):
Event: 11.077 Thread 0x00007f93d8008800 Exception <a 'java/security/PrivilegedActionException'> (0x00000000da30b048) thrown at [/build/java8-openjdk/src/jdk8u-jdk8u20-b23/hotspot/src/share/vm/prims/jvm.cpp, line 1275]
Event: 11.078 Thread 0x00007f93d8008800 Exception <a 'java/security/PrivilegedActionException'> (0x00000000da32fec0) thrown at [/build/java8-openjdk/src/jdk8u-jdk8u20-b23/hotspot/src/share/vm/prims/jvm.cpp, line 1275]
Event: 11.081 Thread 0x00007f93d8008800 Exception <a 'java/lang/ArrayIndexOutOfBoundsException'> (0x00000000da33de50) thrown at [/build/java8-openjdk/src/jdk8u-jdk8u20-b23/hotspot/src/share/vm/runtime/sharedRuntime.cpp, line 604]
Event: 11.081 Thread 0x00007f93d8008800 Exception <a 'java/lang/ArrayIndexOutOfBoundsException'> (0x00000000da3400e8) thrown at [/build/java8-openjdk/src/jdk8u-jdk8u20-b23/hotspot/src/share/vm/runtime/sharedRuntime.cpp, line 604]
Event: 11.081 Thread 0x00007f93d8008800 Exception <a 'java/security/PrivilegedActionException'> (0x00000000da340d88) thrown at [/build/java8-openjdk/src/jdk8u-jdk8u20-b23/hotspot/src/share/vm/prims/jvm.cpp, line 1275]
Event: 11.086 Thread 0x00007f93d8008800 Exception <a 'java/lang/ArrayIndexOutOfBoundsException'> (0x00000000da44c318) thrown at [/build/java8-openjdk/src/jdk8u-jdk8u20-b23/hotspot/src/share/vm/runtime/sharedRuntime.cpp, line 604]
Event: 11.087 Thread 0x00007f93d8008800 Exception <a 'java/lang/ArrayIndexOutOfBoundsException'> (0x00000000da4505a0) thrown at [/build/java8-openjdk/src/jdk8u-jdk8u20-b23/hotspot/src/share/vm/runtime/sharedRuntime.cpp, line 604]
Event: 11.087 Thread 0x00007f93d8008800 Exception <a 'java/security/PrivilegedActionException'> (0x00000000da4515d0) thrown at [/build/java8-openjdk/src/jdk8u-jdk8u20-b23/hotspot/src/share/vm/prims/jvm.cpp, line 1275]
Event: 11.088 Thread 0x00007f93d8008800 Exception <a 'java/lang/ArrayIndexOutOfBoundsException'> (0x00000000da460f78) thrown at [/build/java8-openjdk/src/jdk8u-jdk8u20-b23/hotspot/src/share/vm/runtime/sharedRuntime.cpp, line 604]
Event: 11.088 Thread 0x00007f93d8008800 Exception <a 'java/security/PrivilegedActionException'> (0x00000000da461e18) thrown at [/build/java8-openjdk/src/jdk8u-jdk8u20-b23/hotspot/src/share/vm/prims/jvm.cpp, line 1275]

Events (10 events):
Event: 11.087 loading class java/lang/reflect/TypeVariable
Event: 11.087 loading class java/lang/reflect/TypeVariable done
Event: 11.087 loading class sun/reflect/generics/reflectiveObjects/TypeVariableImpl
Event: 11.087 loading class sun/reflect/generics/reflectiveObjects/LazyReflectiveObjectGenerator
Event: 11.087 loading class sun/reflect/generics/reflectiveObjects/LazyReflectiveObjectGenerator done
Event: 11.087 loading class sun/reflect/generics/reflectiveObjects/TypeVariableImpl done
Event: 11.087 loading class nl/fontys/sofa/limo/orientdb/serialization/ExecutionStateSerializer
Event: 11.087 loading class nl/fontys/sofa/limo/orientdb/serialization/ExecutionStateSerializer done
Event: 11.088 loading class nl/fontys/sofa/limo/domain/component/event/ExecutionState
Event: 11.088 loading class nl/fontys/sofa/limo/domain/component/event/ExecutionState done


Dynamic libraries:
00400000-00401000 r-xp 00000000 fe:01 1203900                            /usr/lib/jvm/java-8-openjdk/jre/bin/java
00600000-00601000 rw-p 00000000 fe:01 1203900                            /usr/lib/jvm/java-8-openjdk/jre/bin/java
00f37000-00f58000 rw-p 00000000 00:00 0                                  [heap]
84a00000-89d00000 rw-p 00000000 00:00 0 
89d00000-d6e00000 ---p 00000000 00:00 0 
d6e00000-db800000 rw-p 00000000 00:00 0 
db800000-100000000 ---p 00000000 00:00 0 
100000000-100240000 rw-p 00000000 00:00 0 
100240000-140000000 ---p 00000000 00:00 0 
7f9384000000-7f9384021000 rw-p 00000000 00:00 0 
7f9384021000-7f9388000000 ---p 00000000 00:00 0 
7f9388000000-7f9388021000 rw-p 00000000 00:00 0 
7f9388021000-7f938c000000 ---p 00000000 00:00 0 
7f938c000000-7f938c021000 rw-p 00000000 00:00 0 
7f938c021000-7f9390000000 ---p 00000000 00:00 0 
7f9390000000-7f9390021000 rw-p 00000000 00:00 0 
7f9390021000-7f9394000000 ---p 00000000 00:00 0 
7f9394000000-7f9395342000 rw-p 00000000 00:00 0 
7f9395342000-7f9398000000 ---p 00000000 00:00 0 
7f9398000000-7f9398beb000 rw-p 00000000 00:00 0 
7f9398beb000-7f939c000000 ---p 00000000 00:00 0 
7f939c000000-7f939c021000 rw-p 00000000 00:00 0 
7f939c021000-7f93a0000000 ---p 00000000 00:00 0 
7f93a0000000-7f93a0df6000 rw-p 00000000 00:00 0 
7f93a0df6000-7f93a4000000 ---p 00000000 00:00 0 
7f93a4000000-7f93a4021000 rw-p 00000000 00:00 0 
7f93a4021000-7f93a8000000 ---p 00000000 00:00 0 
7f93a8000000-7f93a8021000 rw-p 00000000 00:00 0 
7f93a8021000-7f93ac000000 ---p 00000000 00:00 0 
7f93ac000000-7f93ac021000 rw-p 00000000 00:00 0 
7f93ac021000-7f93b0000000 ---p 00000000 00:00 0 
7f93b0000000-7f93b0021000 rw-p 00000000 00:00 0 
7f93b0021000-7f93b4000000 ---p 00000000 00:00 0 
7f93b4000000-7f93b4021000 rw-p 00000000 00:00 0 
7f93b4021000-7f93b8000000 ---p 00000000 00:00 0 
7f93ba431000-7f93ba532000 rw-p 00000000 00:00 0 
7f93ba532000-7f93ba632000 ---p 00000000 00:00 0 
7f93ba632000-7f93ba832000 rw-p 00000000 00:00 0 
7f93ba832000-7f93ba835000 ---p 00000000 00:00 0 
7f93ba835000-7f93ba933000 rw-p 00000000 00:00 0                          [stack:28746]
7f93ba933000-7f93ba936000 ---p 00000000 00:00 0 
7f93ba936000-7f93bac34000 rw-p 00000000 00:00 0                          [stack:28745]
7f93bac34000-7f93bae34000 rw-p 00000000 00:00 0 
7f93bae34000-7f93bb034000 rw-p 00000000 00:00 0 
7f93bb034000-7f93bb03e000 r--s 00116000 fe:01 411018                     /usr/lib/jvm/java-8-openjdk/jre/lib/ext/localedata.jar
7f93bb03e000-7f93bb046000 r-xp 00000000 fe:01 281804                     /usr/lib/jvm/java-8-openjdk/jre/lib/amd64/libmanagement.so
7f93bb046000-7f93bb246000 ---p 00008000 fe:01 281804                     /usr/lib/jvm/java-8-openjdk/jre/lib/amd64/libmanagement.so
7f93bb246000-7f93bb247000 rw-p 00008000 fe:01 281804                     /usr/lib/jvm/java-8-openjdk/jre/lib/amd64/libmanagement.so
7f93bb247000-7f93bb248000 ---p 00000000 00:00 0 
7f93bb248000-7f93bb348000 rw-p 00000000 00:00 0                          [stack:28692]
7f93bb348000-7f93bb34b000 ---p 00000000 00:00 0 
7f93bb34b000-7f93bb449000 rw-p 00000000 00:00 0                          [stack:28691]
7f93bb449000-7f93bb44c000 ---p 00000000 00:00 0 
7f93bb44c000-7f93bb54a000 rw-p 00000000 00:00 0                          [stack:28690]
7f93bb54a000-7f93bb54d000 ---p 00000000 00:00 0 
7f93bb54d000-7f93bb64b000 rw-p 00000000 00:00 0                          [stack:28689]
7f93bb64b000-7f93bb64e000 ---p 00000000 00:00 0 
7f93bb64e000-7f93bb74c000 rw-p 00000000 00:00 0                          [stack:28688]
7f93bb74c000-7f93bb75d000 r-xp 00000000 fe:01 281810                     /usr/lib/jvm/java-8-openjdk/jre/lib/amd64/libnio.so
7f93bb75d000-7f93bb95c000 ---p 00011000 fe:01 281810                     /usr/lib/jvm/java-8-openjdk/jre/lib/amd64/libnio.so
7f93bb95c000-7f93bb95d000 rw-p 00010000 fe:01 281810                     /usr/lib/jvm/java-8-openjdk/jre/lib/amd64/libnio.so
7f93bb95d000-7f93bb973000 r-xp 00000000 fe:01 281800                     /usr/lib/jvm/java-8-openjdk/jre/lib/amd64/libnet.so
7f93bb973000-7f93bbb73000 ---p 00016000 fe:01 281800                     /usr/lib/jvm/java-8-openjdk/jre/lib/amd64/libnet.so
7f93bbb73000-7f93bbb74000 rw-p 00016000 fe:01 281800                     /usr/lib/jvm/java-8-openjdk/jre/lib/amd64/libnet.so
7f93bbb74000-7f93bbb77000 ---p 00000000 00:00 0 
7f93bbb77000-7f93bbc75000 rw-p 00000000 00:00 0                          [stack:28672]
7f93bbc75000-7f93bbdfe000 r--p 00000000 fe:01 1069942                    /usr/lib/locale/locale-archive
7f93bbdfe000-7f93bbe01000 ---p 00000000 00:00 0 
7f93bbe01000-7f93bbeff000 rw-p 00000000 00:00 0                          [stack:28666]
7f93bbeff000-7f93bbf02000 ---p 00000000 00:00 0 
7f93bbf02000-7f93bc000000 rw-p 00000000 00:00 0                          [stack:28665]
7f93bc000000-7f93bc021000 rw-p 00000000 00:00 0 
7f93bc021000-7f93c0000000 ---p 00000000 00:00 0 
7f93c0000000-7f93c0002000 rw-p 00000000 00:00 0 
7f93c0002000-7f93c001e000 r--s 00393000 fe:01 411019                     /usr/lib/jvm/java-8-openjdk/jre/lib/ext/cldrdata.jar
7f93c001e000-7f93c0035000 r--s 00177000 fe:01 411012                     /usr/lib/jvm/java-8-openjdk/jre/lib/ext/nashorn.jar
7f93c0035000-7f93c0037000 r--s 00015000 fe:01 1203875                    /usr/lib/jvm/java-8-openjdk/jre/lib/jce.jar
7f93c0037000-7f93c003c000 r--s 00092000 fe:01 1203879                    /usr/lib/jvm/java-8-openjdk/jre/lib/jsse.jar
7f93c003c000-7f93c0041000 r--s 00041000 fe:03 1835183                    /home/d3vil/.m2/repository/org/jacoco/org.jacoco.agent/0.7.0.201403182114/org.jacoco.agent-0.7.0.201403182114-runtime.jar
7f93c0041000-7f93c0043000 r--s 0000e000 fe:03 1836841                    /home/d3vil/.m2/repository/org/apache/maven/surefire/surefire-junit4/2.15/surefire-junit4-2.15.jar
7f93c0043000-7f93c004a000 r--s 000b1000 fe:03 13108790                   /home/d3vil/.m2/repository/org/netbeans/api/org-openide-util/RELEASE80/org-openide-util-RELEASE80.jar
7f93c004a000-7f93c004c000 r--s 00009000 fe:03 13108782                   /home/d3vil/.m2/repository/org/netbeans/api/org-openide-modules/RELEASE80/org-openide-modules-RELEASE80.jar
7f93c004c000-7f93c004e000 r--s 00008000 fe:03 1573921                    /home/d3vil/.m2/repository/nl/fontys/limo/LIMO-domain/1.0-SNAPSHOT/LIMO-domain-1.0-SNAPSHOT.jar
7f93c004e000-7f93c004f000 ---p 00000000 00:00 0 
7f93c004f000-7f93c4000000 rw-p 00000000 00:00 0                          [stack:28664]
7f93c4000000-7f93c4021000 rw-p 00000000 00:00 0 
7f93c4021000-7f93c8000000 ---p 00000000 00:00 0 
7f93c8000000-7f93c8001000 rw-p 00000000 00:00 0 
7f93c8001000-7f93c8011000 r--s 00139000 fe:03 1966380                    /home/d3vil/.m2/repository/com/mxgraph/jgraphx/3.1.0.1/jgraphx-3.1.0.1.jar
7f93c8011000-7f93c8015000 r--s 0002a000 fe:03 1966360                    /home/d3vil/.m2/repository/commons-io/commons-io/2.4/commons-io-2.4.jar
7f93c8015000-7f93c8019000 r--s 0002f000 fe:03 12583871                   /home/d3vil/.m2/repository/commons-lang/commons-lang/2.1/commons-lang-2.1.jar
7f93c8019000-7f93c801a000 r--s 00002000 fe:03 1966359                    /home/d3vil/.m2/repository/org/slf4j/slf4j-log4j12/1.6.6/slf4j-log4j12-1.6.6.jar
7f93c801a000-7f93c801c000 r--s 00005000 fe:03 1966358                    /home/d3vil/.m2/repository/org/slf4j/slf4j-api/1.6.6/slf4j-api-1.6.6.jar
7f93c801c000-7f93c8025000 r--s 0006f000 fe:03 11407752                   /home/d3vil/.m2/repository/log4j/log4j/1.2.17/log4j-1.2.17.jar
7f93c8025000-7f93c8e33000 rw-p 00000000 00:00 0 
7f93c8e33000-7f93c9000000 r--s 03bb2000 fe:01 1203881                    /usr/lib/jvm/java-8-openjdk/jre/lib/rt.jar
7f93c9000000-7f93c9790000 rwxp 00000000 00:00 0 
7f93c9790000-7f93d8000000 ---p 00000000 00:00 0 
7f93d8000000-7f93d8828000 rw-p 00000000 00:00 0 
7f93d8828000-7f93dc000000 ---p 00000000 00:00 0 
7f93dc000000-7f93dc001000 r--s 00007000 fe:03 1966357                    /home/d3vil/.m2/repository/com/sksamuel/gaia/0.8/gaia-0.8.jar
7f93dc001000-7f93dc024000 r--s 001ba000 fe:03 2229497                    /home/d3vil/.m2/repository/org/apache/commons/commons-math3/3.3/commons-math3-3.3.jar
7f93dc024000-7f93dc02d000 r--s 00098000 fe:03 1836786                    /home/d3vil/.m2/repository/org/javassist/javassist/3.16.1-GA/javassist-3.16.1-GA.jar
7f93dc02d000-7f93dc032000 r--s 00014000 fe:03 1836785                    /home/d3vil/.m2/repository/org/hibernate/javax/persistence/hibernate-jpa-2.0-api/1.0.0.Final/hibernate-jpa-2.0-api-1.0.0.Final.jar
7f93dc032000-7f93dc036000 r--s 00019000 fe:03 1703998                    /home/d3vil/.m2/repository/com/googlecode/concurrentlinkedhashmap/concurrentlinkedhashmap-lru/1.4/concurrentlinkedhashmap-lru-1.4.jar
7f93dc036000-7f93dc039000 r--s 00067000 fe:03 1703976                    /home/d3vil/.m2/repository/org/xerial/snappy/snappy-java/1.1.0.1/snappy-java-1.1.0.1.jar
7f93dc039000-7f93dc048000 r--s 0011b000 fe:03 1703975                    /home/d3vil/.m2/repository/net/java/dev/jna/jna-platform/4.0.0/jna-platform-4.0.0.jar
7f93dc048000-7f93dc04c000 r--s 000dc000 fe:03 1703974                    /home/d3vil/.m2/repository/net/java/dev/jna/jna/4.0.0/jna-4.0.0.jar
7f93dc04c000-7f93dc052000 r--s 00031000 fe:03 1574168                    /home/d3vil/.m2/repository/com/orientechnologies/orient-commons/1.7.9/orient-commons-1.7.9.jar
7f93dc052000-7f93dc07a000 r--s 0022a000 fe:03 1574170                    /home/d3vil/.m2/repository/com/orientechnologies/orientdb-core/1.7.9/orientdb-core-1.7.9.jar
7f93dc07a000-7f93dc07d000 r--s 00029000 fe:03 1574167                    /home/d3vil/.m2/repository/com/orientechnologies/orientdb-object/1.7.9/orientdb-object-1.7.9.jar
7f93dc07d000-7f93dccce000 rw-p 00000000 00:00 0 
7f93dccce000-7f93dcccf000 ---p 00000000 00:00 0 
7f93dcccf000-7f93dcdcf000 rw-p 00000000 00:00 0                          [stack:28663]
7f93dcdcf000-7f93dcdd0000 ---p 00000000 00:00 0 
7f93dcdd0000-7f93dced0000 rw-p 00000000 00:00 0                          [stack:28662]
7f93dced0000-7f93dced1000 ---p 00000000 00:00 0 
7f93dced1000-7f93dcfd1000 rw-p 00000000 00:00 0                          [stack:28661]
7f93dcfd1000-7f93dcfd2000 ---p 00000000 00:00 0 
7f93dcfd2000-7f93dd0fc000 rw-p 00000000 00:00 0                          [stack:28659]
7f93dd0fc000-7f93dd364000 ---p 00000000 00:00 0 
7f93dd364000-7f93dd38e000 rw-p 00000000 00:00 0 
7f93dd38e000-7f93dd5f6000 ---p 00000000 00:00 0 
7f93dd5f6000-7f93dd61b000 rw-p 00000000 00:00 0 
7f93dd61b000-7f93dd73f000 ---p 00000000 00:00 0 
7f93dd73f000-7f93dd75f000 rw-p 00000000 00:00 0 
7f93dd75f000-7f93ddb00000 ---p 00000000 00:00 0 
7f93ddb00000-7f93ddb08000 r-xp 00000000 fe:01 281796                     /usr/lib/jvm/java-8-openjdk/jre/lib/amd64/libzip.so
7f93ddb08000-7f93ddd07000 ---p 00008000 fe:01 281796                     /usr/lib/jvm/java-8-openjdk/jre/lib/amd64/libzip.so
7f93ddd07000-7f93ddd08000 rw-p 00007000 fe:01 281796                     /usr/lib/jvm/java-8-openjdk/jre/lib/amd64/libzip.so
7f93ddd08000-7f93ddd12000 r-xp 00000000 fe:01 281805                     /usr/lib/jvm/java-8-openjdk/jre/lib/amd64/libinstrument.so
7f93ddd12000-7f93ddf11000 ---p 0000a000 fe:01 281805                     /usr/lib/jvm/java-8-openjdk/jre/lib/amd64/libinstrument.so
7f93ddf11000-7f93ddf12000 rw-p 00009000 fe:01 281805                     /usr/lib/jvm/java-8-openjdk/jre/lib/amd64/libinstrument.so
7f93ddf12000-7f93ddf3f000 r-xp 00000000 fe:01 281795                     /usr/lib/jvm/java-8-openjdk/jre/lib/amd64/libjava.so
7f93ddf3f000-7f93de13f000 ---p 0002d000 fe:01 281795                     /usr/lib/jvm/java-8-openjdk/jre/lib/amd64/libjava.so
7f93de13f000-7f93de141000 rw-p 0002d000 fe:01 281795                     /usr/lib/jvm/java-8-openjdk/jre/lib/amd64/libjava.so
7f93de141000-7f93de14e000 r-xp 00000000 fe:01 281787                     /usr/lib/jvm/java-8-openjdk/jre/lib/amd64/libverify.so
7f93de14e000-7f93de34d000 ---p 0000d000 fe:01 281787                     /usr/lib/jvm/java-8-openjdk/jre/lib/amd64/libverify.so
7f93de34d000-7f93de34f000 rw-p 0000c000 fe:01 281787                     /usr/lib/jvm/java-8-openjdk/jre/lib/amd64/libverify.so
7f93de34f000-7f93de356000 r-xp 00000000 fe:01 1051851                    /usr/lib/librt-2.19.so
7f93de356000-7f93de555000 ---p 00007000 fe:01 1051851                    /usr/lib/librt-2.19.so
7f93de555000-7f93de556000 r--p 00006000 fe:01 1051851                    /usr/lib/librt-2.19.so
7f93de556000-7f93de557000 rw-p 00007000 fe:01 1051851                    /usr/lib/librt-2.19.so
7f93de557000-7f93de65a000 r-xp 00000000 fe:01 1051813                    /usr/lib/libm-2.19.so
7f93de65a000-7f93de859000 ---p 00103000 fe:01 1051813                    /usr/lib/libm-2.19.so
7f93de859000-7f93de85a000 r--p 00102000 fe:01 1051813                    /usr/lib/libm-2.19.so
7f93de85a000-7f93de85b000 rw-p 00103000 fe:01 1051813                    /usr/lib/libm-2.19.so
7f93de85b000-7f93df4ac000 r-xp 00000000 fe:01 568727                     /usr/lib/jvm/java-8-openjdk/jre/lib/amd64/server/libjvm.so
7f93df4ac000-7f93df6ab000 ---p 00c51000 fe:01 568727                     /usr/lib/jvm/java-8-openjdk/jre/lib/amd64/server/libjvm.so
7f93df6ab000-7f93df777000 rw-p 00c50000 fe:01 568727                     /usr/lib/jvm/java-8-openjdk/jre/lib/amd64/server/libjvm.so
7f93df777000-7f93df7b6000 rw-p 00000000 00:00 0 
7f93df7b6000-7f93df95a000 r-xp 00000000 fe:01 1051857                    /usr/lib/libc-2.19.so
7f93df95a000-7f93dfb5a000 ---p 001a4000 fe:01 1051857                    /usr/lib/libc-2.19.so
7f93dfb5a000-7f93dfb5e000 r--p 001a4000 fe:01 1051857                    /usr/lib/libc-2.19.so
7f93dfb5e000-7f93dfb60000 rw-p 001a8000 fe:01 1051857                    /usr/lib/libc-2.19.so
7f93dfb60000-7f93dfb64000 rw-p 00000000 00:00 0 
7f93dfb64000-7f93dfb67000 r-xp 00000000 fe:01 1051822                    /usr/lib/libdl-2.19.so
7f93dfb67000-7f93dfd66000 ---p 00003000 fe:01 1051822                    /usr/lib/libdl-2.19.so
7f93dfd66000-7f93dfd67000 r--p 00002000 fe:01 1051822                    /usr/lib/libdl-2.19.so
7f93dfd67000-7f93dfd68000 rw-p 00003000 fe:01 1051822                    /usr/lib/libdl-2.19.so
7f93dfd68000-7f93dfd75000 r-xp 00000000 fe:01 568724                     /usr/lib/jvm/java-8-openjdk/jre/lib/amd64/jli/libjli.so
7f93dfd75000-7f93dff74000 ---p 0000d000 fe:01 568724                     /usr/lib/jvm/java-8-openjdk/jre/lib/amd64/jli/libjli.so
7f93dff74000-7f93dff75000 rw-p 0000c000 fe:01 568724                     /usr/lib/jvm/java-8-openjdk/jre/lib/amd64/jli/libjli.so
7f93dff75000-7f93dff8a000 r-xp 00000000 fe:01 1054870                    /usr/lib/libz.so.1.2.8
7f93dff8a000-7f93e0189000 ---p 00015000 fe:01 1054870                    /usr/lib/libz.so.1.2.8
7f93e0189000-7f93e018a000 r--p 00014000 fe:01 1054870                    /usr/lib/libz.so.1.2.8
7f93e018a000-7f93e018b000 rw-p 00015000 fe:01 1054870                    /usr/lib/libz.so.1.2.8
7f93e018b000-7f93e01a3000 r-xp 00000000 fe:01 1051872                    /usr/lib/libpthread-2.19.so
7f93e01a3000-7f93e03a3000 ---p 00018000 fe:01 1051872                    /usr/lib/libpthread-2.19.so
7f93e03a3000-7f93e03a4000 r--p 00018000 fe:01 1051872                    /usr/lib/libpthread-2.19.so
7f93e03a4000-7f93e03a5000 rw-p 00019000 fe:01 1051872                    /usr/lib/libpthread-2.19.so
7f93e03a5000-7f93e03a9000 rw-p 00000000 00:00 0 
7f93e03a9000-7f93e03ca000 r-xp 00000000 fe:01 1051841                    /usr/lib/ld-2.19.so
7f93e03ca000-7f93e03cb000 r--s 00002000 fe:03 1574169                    /home/d3vil/.m2/repository/com/orientechnologies/orientdb-nativeos/1.7.9/orientdb-nativeos-1.7.9.jar
7f93e03cb000-7f93e03cc000 r--s 00000000 fe:03 1966476                    /home/d3vil/.m2/repository/nl/fontys/limo/LIMO_DependecyWrapper/1.0-SNAPSHOT/LIMO_DependecyWrapper-1.0-SNAPSHOT.jar
7f93e03cc000-7f93e03cd000 r--s 00004000 fe:03 13108737                   /home/d3vil/.m2/repository/org/netbeans/api/org-netbeans-api-annotations-common/RELEASE80/org-netbeans-api-annotations-common-RELEASE80.jar
7f93e03cd000-7f93e03cf000 r--s 00001000 fe:03 1574448                    /home/d3vil/.m2/repository/nl/fontys/limo/LIMO_API/1.0-SNAPSHOT/LIMO_API-1.0-SNAPSHOT.jar
7f93e03cf000-7f93e03d2000 r--s 00055000 fe:03 13108792                   /home/d3vil/.m2/repository/org/netbeans/api/org-openide-util-lookup/RELEASE80/org-openide-util-lookup-RELEASE80.jar
7f93e03d2000-7f93e03d3000 r--s 00000000 fe:03 13238659                   /home/d3vil/.m2/repository/org/netbeans/api/org-netbeans-libs-junit4/RELEASE80/org-netbeans-libs-junit4-RELEASE80.jar
7f93e03d3000-7f93e03d6000 r--s 0001e000 fe:03 13238658                   /home/d3vil/.m2/repository/org/netbeans/modules/org-netbeans-insane/RELEASE80/org-netbeans-insane-RELEASE80.jar
7f93e03d6000-7f93e04a5000 rw-p 00000000 00:00 0 
7f93e04a5000-7f93e04a8000 ---p 00000000 00:00 0 
7f93e04a8000-7f93e05aa000 rw-p 00000000 00:00 0                          [stack:28657]
7f93e05aa000-7f93e05ad000 r--s 00038000 fe:03 13238662                   /home/d3vil/.m2/repository/org/netbeans/api/org-netbeans-modules-nbjunit/RELEASE80/org-netbeans-modules-nbjunit-RELEASE80.jar
7f93e05ad000-7f93e05af000 r--s 00011000 fe:03 12194474                   /home/d3vil/.m2/repository/org/hamcrest/hamcrest-core/1.1/hamcrest-core-1.1.jar
7f93e05af000-7f93e05b6000 r--s 00037000 fe:03 13108332                   /home/d3vil/.m2/repository/junit/junit/4.10/junit-4.10.jar
7f93e05b6000-7f93e05bb000 r--s 00021000 fe:03 1573639                    /home/d3vil/.m2/repository/org/apache/maven/surefire/surefire-api/2.15/surefire-api-2.15.jar
7f93e05bb000-7f93e05bd000 r--s 00008000 fe:03 1705111                    /home/d3vil/.m2/repository/org/apache/maven/surefire/surefire-booter/2.15/surefire-booter-2.15.jar
7f93e05bd000-7f93e05be000 r--s 00000000 fe:03 2228803                    /home/d3vil/dev/cur/sofa/dev/40_implementation/LIMO/LIMO_OrientDB/target/surefire/surefirebooter2591719121939110817.jar
7f93e05be000-7f93e05c6000 rw-s 00000000 00:1e 337491                     /tmp/hsperfdata_d3vil/28654
7f93e05c6000-7f93e05c7000 rw-p 00000000 00:00 0 
7f93e05c7000-7f93e05c8000 r--p 00000000 00:00 0 
7f93e05c8000-7f93e05c9000 rw-p 00000000 00:00 0 
7f93e05c9000-7f93e05ca000 r--p 00020000 fe:01 1051841                    /usr/lib/ld-2.19.so
7f93e05ca000-7f93e05cb000 rw-p 00021000 fe:01 1051841                    /usr/lib/ld-2.19.so
7f93e05cb000-7f93e05cc000 rw-p 00000000 00:00 0 
7fffd44f5000-7fffd4516000 rw-p 00000000 00:00 0                          [stack]
7fffd45fc000-7fffd45fe000 r-xp 00000000 00:00 0                          [vdso]
7fffd45fe000-7fffd4600000 r--p 00000000 00:00 0                          [vvar]
ffffffffff600000-ffffffffff601000 r-xp 00000000 00:00 0                  [vsyscall]

VM Arguments:
jvm_args: -javaagent:/home/d3vil/.m2/repository/org/jacoco/org.jacoco.agent/0.7.0.201403182114/org.jacoco.agent-0.7.0.201403182114-runtime.jar=destfile=/home/d3vil/dev/cur/sofa/dev/40_implementation/LIMO/LIMO_OrientDB/target/jacoco.exec 
java_command: /home/d3vil/dev/cur/sofa/dev/40_implementation/LIMO/LIMO_OrientDB/target/surefire/surefirebooter2591719121939110817.jar /home/d3vil/dev/cur/sofa/dev/40_implementation/LIMO/LIMO_OrientDB/target/surefire/surefire240451715665866514tmp /home/d3vil/dev/cur/sofa/dev/40_implementation/LIMO/LIMO_OrientDB/target/surefire/surefire_05690972690680129290tmp
java_class_path (initial): /home/d3vil/dev/cur/sofa/dev/40_implementation/LIMO/LIMO_OrientDB/target/surefire/surefirebooter2591719121939110817.jar:/home/d3vil/.m2/repository/org/jacoco/org.jacoco.agent/0.7.0.201403182114/org.jacoco.agent-0.7.0.201403182114-runtime.jar
Launcher Type: SUN_STANDARD

Environment Variables:
JAVA_HOME=/usr/lib/jvm/default
PATH=/home/d3vil/.config/ruby/gem/bin:/home/d3vil/bin:/usr/local/bin:/home/d3vil/.config/ruby/gem/bin:/home/d3vil/bin:/usr/local/bin:/usr/local/sbin:/usr/local/bin:/usr/bin:/usr/bin/vendor_perl:/usr/bin/core_perl:~/bin
LD_LIBRARY_PATH=/usr/lib/jvm/default/jre/lib/amd64:/usr/lib/jvm/default/jre/lib/i386:
SHELL=/usr/bin/zsh
DISPLAY=:0

Signal Handlers:
SIGSEGV: [libjvm.so+0xa4cd30], sa_mask[0]=11111111011111111101111111111110, sa_flags=SA_RESTART|SA_SIGINFO
SIGBUS: [libjvm.so+0xa4cd30], sa_mask[0]=11111111011111111101111111111110, sa_flags=SA_RESTART|SA_SIGINFO
SIGFPE: [libjvm.so+0x8a2520], sa_mask[0]=11111111011111111101111111111110, sa_flags=SA_RESTART|SA_SIGINFO
SIGPIPE: [libjvm.so+0x8a2520], sa_mask[0]=11111111011111111101111111111110, sa_flags=SA_RESTART|SA_SIGINFO
SIGXFSZ: [libjvm.so+0x8a2520], sa_mask[0]=11111111011111111101111111111110, sa_flags=SA_RESTART|SA_SIGINFO
SIGILL: [libjvm.so+0x8a2520], sa_mask[0]=11111111011111111101111111111110, sa_flags=SA_RESTART|SA_SIGINFO
SIGUSR1: SIG_DFL, sa_mask[0]=00000000000000000000000000000000, sa_flags=none
SIGUSR2: [libjvm.so+0x8a23d0], sa_mask[0]=00100000000000000000000000000000, sa_flags=SA_RESTART|SA_SIGINFO
SIGHUP: [libjvm.so+0x8a25e0], sa_mask[0]=11111111011111111101111111111110, sa_flags=SA_RESTART|SA_SIGINFO
SIGINT: SIG_IGN, sa_mask[0]=00000000000000000000000000000000, sa_flags=none
SIGTERM: [libjvm.so+0x8a25e0], sa_mask[0]=11111111011111111101111111111110, sa_flags=SA_RESTART|SA_SIGINFO
SIGQUIT: [libjvm.so+0x8a25e0], sa_mask[0]=11111111011111111101111111111110, sa_flags=SA_RESTART|SA_SIGINFO


---------------  S Y S T E M  ---------------

OS:NAME="Arch Linux"
ID=arch
PRETTY_NAME="Arch Linux"
ANSI_COLOR="0;36"
HOME_URL="https://www.archlinux.org/"
SUPPORT_URL="https://bbs.archlinux.org/"
BUG_REPORT_URL="https://bugs.archlinux.org/"


uname:Linux 3.16.1-1-ARCH #1 SMP PREEMPT Thu Aug 14 07:40:19 CEST 2014 x86_64
libc:glibc 2.19 NPTL 2.19 
rlimit: STACK 8192k, CORE 0k, NPROC 31547, NOFILE 4096, AS infinity
load average:13.12 4.57 2.03

/proc/meminfo:
MemTotal:        8084768 kB
MemFree:         3917116 kB
MemAvailable:    4856972 kB
Buffers:          147080 kB
Cached:          1164300 kB
SwapCached:            0 kB
Active:          3331744 kB
Inactive:         635444 kB
Active(anon):    2808948 kB
Inactive(anon):    82732 kB
Active(file):     522796 kB
Inactive(file):   552712 kB
Unevictable:           0 kB
Mlocked:               0 kB
SwapTotal:             0 kB
SwapFree:              0 kB
Dirty:             26268 kB
Writeback:             0 kB
AnonPages:       2658012 kB
Mapped:           249940 kB
Shmem:            235880 kB
Slab:              91808 kB
SReclaimable:      66580 kB
SUnreclaim:        25228 kB
KernelStack:        5648 kB
PageTables:        13416 kB
NFS_Unstable:          0 kB
Bounce:                0 kB
WritebackTmp:          0 kB
CommitLimit:     4042384 kB
Committed_AS:    3763444 kB
VmallocTotal:   34359738367 kB
VmallocUsed:      366312 kB
VmallocChunk:   34359305712 kB
HardwareCorrupted:     0 kB
AnonHugePages:   1792000 kB
HugePages_Total:       0
HugePages_Free:        0
HugePages_Rsvd:        0
HugePages_Surp:        0
Hugepagesize:       2048 kB
DirectMap4k:       59848 kB
DirectMap2M:     8232960 kB


CPU:total 4 (2 cores per cpu, 2 threads per core) family 6 model 42 stepping 7, cmov, cx8, fxsr, mmx, sse, sse2, sse3, ssse3, sse4.1, sse4.2, popcnt, avx, aes, clmul, ht, tsc, tscinvbit

/proc/cpuinfo:
processor	: 0
vendor_id	: GenuineIntel
cpu family	: 6
model		: 42
model name	: Intel(R) Core(TM) i5-2450M CPU @ 2.50GHz
stepping	: 7
microcode	: 0x1b
cpu MHz		: 2900.000
cache size	: 3072 KB
physical id	: 0
siblings	: 4
core id		: 0
cpu cores	: 2
apicid		: 0
initial apicid	: 0
fpu		: yes
fpu_exception	: yes
cpuid level	: 13
wp		: yes
flags		: fpu vme de pse tsc msr pae mce cx8 apic sep mtrr pge mca cmov pat pse36 clflush dts acpi mmx fxsr sse sse2 ss ht tm pbe syscall nx rdtscp lm constant_tsc arch_perfmon pebs bts rep_good nopl xtopology nonstop_tsc aperfmperf eagerfpu pni pclmulqdq dtes64 monitor ds_cpl vmx est tm2 ssse3 cx16 xtpr pdcm pcid sse4_1 sse4_2 x2apic popcnt tsc_deadline_timer aes xsave avx lahf_lm ida arat epb xsaveopt pln pts dtherm tpr_shadow vnmi flexpriority ept vpid
bogomips	: 4990.54
clflush size	: 64
cache_alignment	: 64
address sizes	: 36 bits physical, 48 bits virtual
power management:

processor	: 1
vendor_id	: GenuineIntel
cpu family	: 6
model		: 42
model name	: Intel(R) Core(TM) i5-2450M CPU @ 2.50GHz
stepping	: 7
microcode	: 0x1b
cpu MHz		: 2900.000
cache size	: 3072 KB
physical id	: 0
siblings	: 4
core id		: 1
cpu cores	: 2
apicid		: 2
initial apicid	: 2
fpu		: yes
fpu_exception	: yes
cpuid level	: 13
wp		: yes
flags		: fpu vme de pse tsc msr pae mce cx8 apic sep mtrr pge mca cmov pat pse36 clflush dts acpi mmx fxsr sse sse2 ss ht tm pbe syscall nx rdtscp lm constant_tsc arch_perfmon pebs bts rep_good nopl xtopology nonstop_tsc aperfmperf eagerfpu pni pclmulqdq dtes64 monitor ds_cpl vmx est tm2 ssse3 cx16 xtpr pdcm pcid sse4_1 sse4_2 x2apic popcnt tsc_deadline_timer aes xsave avx lahf_lm ida arat epb xsaveopt pln pts dtherm tpr_shadow vnmi flexpriority ept vpid
bogomips	: 4990.54
clflush size	: 64
cache_alignment	: 64
address sizes	: 36 bits physical, 48 bits virtual
power management:

processor	: 2
vendor_id	: GenuineIntel
cpu family	: 6
model		: 42
model name	: Intel(R) Core(TM) i5-2450M CPU @ 2.50GHz
stepping	: 7
microcode	: 0x1b
cpu MHz		: 2900.000
cache size	: 3072 KB
physical id	: 0
siblings	: 4
core id		: 0
cpu cores	: 2
apicid		: 1
initial apicid	: 1
fpu		: yes
fpu_exception	: yes
cpuid level	: 13
wp		: yes
flags		: fpu vme de pse tsc msr pae mce cx8 apic sep mtrr pge mca cmov pat pse36 clflush dts acpi mmx fxsr sse sse2 ss ht tm pbe syscall nx rdtscp lm constant_tsc arch_perfmon pebs bts rep_good nopl xtopology nonstop_tsc aperfmperf eagerfpu pni pclmulqdq dtes64 monitor ds_cpl vmx est tm2 ssse3 cx16 xtpr pdcm pcid sse4_1 sse4_2 x2apic popcnt tsc_deadline_timer aes xsave avx lahf_lm ida arat epb xsaveopt pln pts dtherm tpr_shadow vnmi flexpriority ept vpid
bogomips	: 4990.54
clflush size	: 64
cache_alignment	: 64
address sizes	: 36 bits physical, 48 bits virtual
power management:

processor	: 3
vendor_id	: GenuineIntel
cpu family	: 6
model		: 42
model name	: Intel(R) Core(TM) i5-2450M CPU @ 2.50GHz
stepping	: 7
microcode	: 0x1b
cpu MHz		: 2900.000
cache size	: 3072 KB
physical id	: 0
siblings	: 4
core id		: 1
cpu cores	: 2
apicid		: 3
initial apicid	: 3
fpu		: yes
fpu_exception	: yes
cpuid level	: 13
wp		: yes
flags		: fpu vme de pse tsc msr pae mce cx8 apic sep mtrr pge mca cmov pat pse36 clflush dts acpi mmx fxsr sse sse2 ss ht tm pbe syscall nx rdtscp lm constant_tsc arch_perfmon pebs bts rep_good nopl xtopology nonstop_tsc aperfmperf eagerfpu pni pclmulqdq dtes64 monitor ds_cpl vmx est tm2 ssse3 cx16 xtpr pdcm pcid sse4_1 sse4_2 x2apic popcnt tsc_deadline_timer aes xsave avx lahf_lm ida arat epb xsaveopt pln pts dtherm tpr_shadow vnmi flexpriority ept vpid
bogomips	: 4990.54
clflush size	: 64
cache_alignment	: 64
address sizes	: 36 bits physical, 48 bits virtual
power management:



Memory: 4k page, physical 8084768k(3917116k free), swap 0k(0k free)

vm_info: OpenJDK 64-Bit Server VM (25.20-b22) for linux-amd64 JRE (1.8.0_20-b23), built on Aug 20 2014 08:30:22 by "nobody" with gcc 4.9.1

time: Fri Oct 17 12:26:54 2014
elapsed time: 11 seconds (0d 0h 0m 11s)

